Base path: '/Applications/Unity/Hub/Editor/2020.1.0b8/Unity.app/Contents', plugins path '/Applications/Unity/Hub/Editor/2020.1.0b8/Unity.app/Contents/PlaybackEngines'
Cmd: initializeCompiler
Cmd: compileComputeKernel
  api=14 insize=19771 outsize=11353 ok=1
Cmd: compileComputeKernel
  api=14 insize=19771 outsize=7100 ok=1
Cmd: compileComputeKernel
  api=14 insize=73605 outsize=11025 ok=1
Cmd: compileComputeKernel
  api=14 insize=4434 outsize=3623 ok=1
Cmd: compileComputeKernel
  api=14 insize=12124 outsize=4402 ok=1
Cmd: compileComputeKernel
  api=14 insize=12124 outsize=4159 ok=1
Cmd: compileComputeKernel
  api=14 insize=12124 outsize=4902 ok=1
Cmd: compileComputeKernel
  api=14 insize=33531 outsize=3271 ok=1
Cmd: compileComputeKernel
  api=14 insize=33531 outsize=2723 ok=1
Cmd: compileComputeKernel
  api=14 insize=33531 outsize=2800 ok=1
Cmd: compileComputeKernel
  api=14 insize=33531 outsize=3068 ok=1
Cmd: compileComputeKernel
  api=14 insize=33531 outsize=1656 ok=1
Cmd: compileComputeKernel
  api=14 insize=33531 outsize=1539 ok=1
Cmd: compileComputeKernel
  api=14 insize=33531 outsize=1817 ok=1
Cmd: compileComputeKernel
  api=14 insize=33531 outsize=1438 ok=1
Cmd: compileComputeKernel
  api=14 insize=59196 outsize=6715 ok=1
Cmd: compileComputeKernel
  api=14 insize=59196 outsize=4401 ok=1
Cmd: compileComputeKernel
  api=14 insize=59196 outsize=4111 ok=1
Cmd: compileComputeKernel
  api=14 insize=59196 outsize=2839 ok=1
Cmd: compileComputeKernel
  api=14 insize=59196 outsize=2967 ok=1
Cmd: compileComputeKernel
  api=14 insize=59196 outsize=2696 ok=1
Cmd: compileComputeKernel
  api=14 insize=59196 outsize=2918 ok=1
Cmd: compileComputeKernel
  api=14 insize=59196 outsize=22243 ok=1
Cmd: compileComputeKernel
  api=14 insize=75191 outsize=56640 ok=1

Quitting shader compiler process
