Base path: '/Applications/Unity/Hub/Editor/2020.1.0b8/Unity.app/Contents', plugins path '/Applications/Unity/Hub/Editor/2020.1.0b8/Unity.app/Contents/PlaybackEngines'
Cmd: initializeCompiler
Cmd: compileSnippet
  api=14 type=1 insize=1460 outsize=4961 kw=DIRECTIONAL _SPECULARHIGHLIGHTS_OFF pd=UNITY_ENABLE_REFLECTION_BUFFERS UNITY_USE_DITHER_MASK_FOR_ALPHABLENDED_SHADOWS UNITY_PBS_USE_BRDF1 UNITY_SPECCUBE_BOX_PROJECTION UNITY_SPECCUBE_BLENDING UNITY_ENABLE_DETAIL_NORMALMAP SHADER_API_DESKTOP UNITY_COLORSPACE_GAMMA UNITY_LIGHT_PROBE_PROXY_VOLUME UNITY_LIGHTMAP_RGBM_ENCODING UNITY_PASS_FORWARDADD dkw=FOG_LINEAR FOG_EXP FOG_EXP2 _NORMALMAP _ALPHATEST_ON _ALPHABLEND_ON _ALPHAPREMULTIPLY_ON _METALLICGLOSSMAP _SMOOTHNESS_TEXTURE_ALBEDO_CHANNEL_A _DETAIL_MULX2 _PARALLAXMAP POINT SPOT POINT_COOKIE DIRECTIONAL_COOKIE SHADOWS_SHADOWMASK LIGHTMAP_SHADOW_MIXING SHADOWS_DEPTH SHADOWS_SOFT SHADOWS_SCREEN SHADOWS_CUBE UNITY_NO_DXT5nm UNITY_ENABLE_NATIVE_SHADOW_LOOKUPS UNITY_METAL_SHADOWS_USE_POINT_FILTERING UNITY_NO_SCREENSPACE_SHADOWS UNITY_PBS_USE_BRDF2 UNITY_PBS_USE_BRDF3 UNITY_NO_FULL_STANDARD_SHADER UNITY_HARDWARE_TIER1 UNITY_HARDWARE_TIER2 UNITY_HARDWARE_TIER3 UNITY_HALF_PRECISION_FRAGMENT_SHADER_REGISTERS UNITY_LIGHTMAP_DLDR_ENCODING UNITY_LIGHTMAP_FULL_HDR UNITY_VIRTUAL_TEXTURING ok=1
Cmd: initializeCompiler
Cmd: compileComputeKernel
  api=14 insize=12081 outsize=4286 ok=1
Cmd: compileComputeKernel
  api=14 insize=12081 outsize=2399 ok=1
Cmd: compileComputeKernel
  api=14 insize=73605 outsize=18029 ok=1
Cmd: compileComputeKernel
  api=14 insize=12124 outsize=4156 ok=1
Cmd: compileComputeKernel
  api=14 insize=12124 outsize=4111 ok=1
Cmd: compileComputeKernel
  api=14 insize=12124 outsize=4107 ok=1
Cmd: compileComputeKernel
  api=14 insize=33531 outsize=2799 ok=1
Cmd: compileComputeKernel
  api=14 insize=33531 outsize=2919 ok=1
Cmd: compileComputeKernel
  api=14 insize=33531 outsize=2944 ok=1
Cmd: compileComputeKernel
  api=14 insize=33531 outsize=4050 ok=1
Cmd: compileComputeKernel
  api=14 insize=33531 outsize=1625 ok=1
Cmd: compileComputeKernel
  api=14 insize=33531 outsize=1790 ok=1
Cmd: compileComputeKernel
  api=14 insize=33531 outsize=1520 ok=1
Cmd: compileComputeKernel
  api=14 insize=59196 outsize=2921 ok=1
Cmd: compileComputeKernel
  api=14 insize=59196 outsize=2743 ok=1
Cmd: compileComputeKernel
  api=14 insize=59196 outsize=4152 ok=1
Cmd: compileComputeKernel
  api=14 insize=59196 outsize=4111 ok=1
Cmd: compileComputeKernel
  api=14 insize=59196 outsize=2758 ok=1
Cmd: compileComputeKernel
  api=14 insize=59196 outsize=2807 ok=1
Cmd: compileComputeKernel
  api=14 insize=59196 outsize=2696 ok=1
Cmd: compileComputeKernel
  api=14 insize=59196 outsize=3572 ok=1
Cmd: compileComputeKernel
  api=14 insize=59196 outsize=5139 ok=1
Cmd: compileComputeKernel
  api=14 insize=75191 outsize=4271 ok=1
Cmd: compileComputeKernel
  api=14 insize=75191 outsize=64848 ok=1
Cmd: compileComputeKernel
  api=14 insize=75191 outsize=6355 ok=1

Quitting shader compiler process
